js/lib/three/three-91.js

js/lib/three/controls/OrbitControls.js
js/lib/three/objects/Sky.js

js/lib/crel.js
js/lib/keypress.js
js/lib/jszip.min.js
js/lib/FileSaver.min.js

js/utils/Polyfills.js

js/utils/cik/Config.js
js/utils/cik/IO.js
js/utils/cik/Input.js
js/utils/cik/Log.js
js/utils/cik/Quality.js
js/utils/cik/Utils.js
js/utils/cik/Utils3D.js

js/v3d/scene/Scene.js
js/v3d/scene/Common.js
js/v3d/scene/Controller.js
js/v3d/scene/Item.js
js/v3d/scene/Renderer.js

js/v3d/library/Library.js
js/v3d/library/Item.js

js/v3d/user/navigation/Navigation.js
js/v3d/user/navigation/FirstPerson.js
js/v3d/user/User.js
js/v3d/user/Camera.js

js/v3d/interface/Interface.js